<?xml version="1.0" encoding="UTF-8"?>
<!-- Generated by org.testng.reporters.JUnitXMLReporter -->
<testsuite ignored="0" hostname="DESKTOP-Q07UC7H" failures="0" tests="2" name="Login Page Test_chrome_90.0" time="25.723" errors="0" timestamp="2024-09-05T13:42:39 IST">
  <testcase classname="com.qa.flipkart.tests.LoginPageTest" name="loginPageTitleTest" time="0.406"/>
  <testcase classname="com.qa.flipkart.tests.LoginPageTest" name="loginPageUrlTest" time="0.158"/>
</testsuite> <!-- Login Page Test_chrome_90.0 -->
