<?xml version="1.0" encoding="UTF-8"?>
<!-- Generated by org.testng.reporters.JUnitXMLReporter -->
<testsuite ignored="2" hostname="DESKTOP-Q07UC7H" failures="0" tests="1" name="Default test" time="21.622" errors="0" timestamp="2024-09-09T17:17:53 IST">
  <testcase classname="com.qa.flipkart.tests.LoginPageTest" name="searchProductTest" time="6.861"/>
  <testcase classname="com.qa.flipkart.tests.LoginPageTest" name="loginPageTitleTest" time="0.0">
    <ignored/>
  </testcase> <!-- loginPageTitleTest -->
  <testcase classname="com.qa.flipkart.tests.LoginPageTest" name="loginPageUrlTest" time="0.0">
    <ignored/>
  </testcase> <!-- loginPageUrlTest -->
</testsuite> <!-- Default test -->
