<?xml version="1.0" encoding="UTF-8"?>
<testng-results ignored="0" total="1" passed="1" failed="0" skipped="0">
  <reporter-output>
  </reporter-output>
  <suite started-at="2024-09-09T17:17:31 IST" name="Default suite" finished-at="2024-09-09T17:17:53 IST" duration-ms="21622">
    <groups>
    </groups>
    <test started-at="2024-09-09T17:17:31 IST" name="Default test" finished-at="2024-09-09T17:17:53 IST" duration-ms="21622">
      <class name="com.qa.flipkart.tests.LoginPageTest">
        <test-method is-config="true" signature="setUp()[pri:0, instance:com.qa.flipkart.tests.LoginPageTest@34a875b3]" started-at="2024-09-09T17:17:31 IST" name="setUp" finished-at="2024-09-09T17:17:44 IST" duration-ms="13144" status="PASS">
          <reporter-output>
          </reporter-output>
        </test-method> <!-- setUp -->
        <test-method signature="searchProductTest()[pri:3, instance:com.qa.flipkart.tests.LoginPageTest@34a875b3]" started-at="2024-09-09T17:17:44 IST" name="searchProductTest" finished-at="2024-09-09T17:17:51 IST" duration-ms="6861" status="PASS">
          <reporter-output>
          </reporter-output>
        </test-method> <!-- searchProductTest -->
        <test-method is-config="true" signature="tearDown()[pri:0, instance:com.qa.flipkart.tests.LoginPageTest@34a875b3]" started-at="2024-09-09T17:17:52 IST" name="tearDown" finished-at="2024-09-09T17:17:53 IST" duration-ms="1174" status="PASS">
          <reporter-output>
          </reporter-output>
        </test-method> <!-- tearDown -->
      </class> <!-- com.qa.flipkart.tests.LoginPageTest -->
    </test> <!-- Default test -->
  </suite> <!-- Default suite -->
</testng-results>
